<?xml version="1.0" encoding="UTF-8"?>
<testsuite xmlns:xsi="http://www.w3.org/2001/XMLSchema-instance" xsi:noNamespaceSchemaLocation="https://maven.apache.org/surefire/maven-surefire-plugin/xsd/surefire-test-report-3.0.xsd" version="3.0" name="TestSuite" time="93.222" tests="15" errors="0" skipped="0" failures="0">
  <properties>
    <property name="gopherProxySet" value="false"/>
    <property name="awt.toolkit" value="sun.lwawt.macosx.LWCToolkit"/>
    <property name="file.encoding.pkg" value="sun.io"/>
    <property name="java.specification.version" value="1.8"/>
    <property name="sun.cpu.isalist" value=""/>
    <property name="sun.jnu.encoding" value="UTF-8"/>
    <property name="java.class.path" value="/Users/joshuasmba/Documents/amazon/Web-Automation-Framkework/Ebay/target/test-classes:/Users/joshuasmba/Documents/amazon/Web-Automation-Framkework/Ebay/target/classes:/Users/joshuasmba/Documents/amazon/Web-Automation-Framkework/Generic/target/classes:/Users/joshuasmba/.m2/repository/org/testng/testng/6.14.3/testng-6.14.3.jar:/Users/joshuasmba/.m2/repository/com/beust/jcommander/1.72/jcommander-1.72.jar:/Users/joshuasmba/.m2/repository/org/apache-extras/beanshell/bsh/2.0b6/bsh-2.0b6.jar:/Users/joshuasmba/.m2/repository/org/seleniumhq/selenium/selenium-java/3.141.59/selenium-java-3.141.59.jar:/Users/joshuasmba/.m2/repository/org/seleniumhq/selenium/selenium-api/3.141.59/selenium-api-3.141.59.jar:/Users/joshuasmba/.m2/repository/org/seleniumhq/selenium/selenium-chrome-driver/3.141.59/selenium-chrome-driver-3.141.59.jar:/Users/joshuasmba/.m2/repository/org/seleniumhq/selenium/selenium-edge-driver/3.141.59/selenium-edge-driver-3.141.59.jar:/Users/joshuasmba/.m2/repository/org/seleniumhq/selenium/selenium-firefox-driver/3.141.59/selenium-firefox-driver-3.141.59.jar:/Users/joshuasmba/.m2/repository/org/seleniumhq/selenium/selenium-ie-driver/3.141.59/selenium-ie-driver-3.141.59.jar:/Users/joshuasmba/.m2/repository/org/seleniumhq/selenium/selenium-opera-driver/3.141.59/selenium-opera-driver-3.141.59.jar:/Users/joshuasmba/.m2/repository/org/seleniumhq/selenium/selenium-remote-driver/3.141.59/selenium-remote-driver-3.141.59.jar:/Users/joshuasmba/.m2/repository/org/seleniumhq/selenium/selenium-safari-driver/3.141.59/selenium-safari-driver-3.141.59.jar:/Users/joshuasmba/.m2/repository/org/seleniumhq/selenium/selenium-support/3.141.59/selenium-support-3.141.59.jar:/Users/joshuasmba/.m2/repository/net/bytebuddy/byte-buddy/1.8.15/byte-buddy-1.8.15.jar:/Users/joshuasmba/.m2/repository/org/apache/commons/commons-exec/1.3/commons-exec-1.3.jar:/Users/joshuasmba/.m2/repository/com/google/guava/guava/25.0-jre/guava-25.0-jre.jar:/Users/joshuasmba/.m2/repository/org/checkerframework/checker-compat-qual/2.0.0/checker-compat-qual-2.0.0.jar:/Users/joshuasmba/.m2/repository/com/google/errorprone/error_prone_annotations/2.1.3/error_prone_annotations-2.1.3.jar:/Users/joshuasmba/.m2/repository/com/google/j2objc/j2objc-annotations/1.1/j2objc-annotations-1.1.jar:/Users/joshuasmba/.m2/repository/org/codehaus/mojo/animal-sniffer-annotations/1.14/animal-sniffer-annotations-1.14.jar:/Users/joshuasmba/.m2/repository/com/squareup/okhttp3/okhttp/3.11.0/okhttp-3.11.0.jar:/Users/joshuasmba/.m2/repository/com/squareup/okio/okio/1.14.0/okio-1.14.0.jar:/Users/joshuasmba/.m2/repository/org/seleniumhq/selenium/selenium-server/3.141.59/selenium-server-3.141.59.jar:/Users/joshuasmba/.m2/repository/net/jcip/jcip-annotations/1.0/jcip-annotations-1.0.jar:/Users/joshuasmba/.m2/repository/org/seleniumhq/selenium/jetty-repacked/9.4.12.v20180830/jetty-repacked-9.4.12.v20180830.jar:/Users/joshuasmba/.m2/repository/javax/servlet/javax.servlet-api/3.1.0/javax.servlet-api-3.1.0.jar:/Users/joshuasmba/.m2/repository/org/yaml/snakeyaml/1.19/snakeyaml-1.19.jar:/Users/joshuasmba/.m2/repository/com/aventstack/extentreports/3.0.7/extentreports-3.0.7.jar:/Users/joshuasmba/.m2/repository/org/freemarker/freemarker/2.3.23/freemarker-2.3.23.jar:/Users/joshuasmba/.m2/repository/org/mongodb/mongodb-driver/3.3.0/mongodb-driver-3.3.0.jar:/Users/joshuasmba/.m2/repository/org/mongodb/bson/3.3.0/bson-3.3.0.jar:/Users/joshuasmba/.m2/repository/org/mongodb/mongodb-driver-core/3.3.0/mongodb-driver-core-3.3.0.jar:/Users/joshuasmba/.m2/repository/org/apache/httpcomponents/httpclient/4.5.2/httpclient-4.5.2.jar:/Users/joshuasmba/.m2/repository/org/apache/httpcomponents/httpcore/4.4.4/httpcore-4.4.4.jar:/Users/joshuasmba/.m2/repository/commons-logging/commons-logging/1.2/commons-logging-1.2.jar:/Users/joshuasmba/.m2/repository/commons-codec/commons-codec/1.9/commons-codec-1.9.jar:/Users/joshuasmba/.m2/repository/org/apache/httpcomponents/httpmime/4.5.2/httpmime-4.5.2.jar:/Users/joshuasmba/.m2/repository/org/jsoup/jsoup/1.9.2/jsoup-1.9.2.jar:/Users/joshuasmba/.m2/repository/com/google/code/gson/gson/2.8.0/gson-2.8.0.jar:/Users/joshuasmba/.m2/repository/com/relevantcodes/extentreports/2.41.1/extentreports-2.41.1.jar:/Users/joshuasmba/.m2/repository/org/xerial/sqlite-jdbc/3.8.11.1/sqlite-jdbc-3.8.11.1.jar:/Users/joshuasmba/.m2/repository/com/google/http-client/google-http-client/1.23.0/google-http-client-1.23.0.jar:/Users/joshuasmba/.m2/repository/com/google/code/findbugs/jsr305/1.3.9/jsr305-1.3.9.jar:/Users/joshuasmba/.m2/repository/org/apache/commons/commons-lang3/3.0/commons-lang3-3.0.jar:"/>
    <property name="java.vm.vendor" value="Oracle Corporation"/>
    <property name="sun.arch.data.model" value="64"/>
    <property name="java.vendor.url" value="http://java.oracle.com/"/>
    <property name="user.timezone" value=""/>
    <property name="java.vm.specification.version" value="1.8"/>
    <property name="os.name" value="Mac OS X"/>
    <property name="user.country" value="US"/>
    <property name="sun.java.launcher" value="SUN_STANDARD"/>
    <property name="sun.boot.library.path" value="/Library/Java/JavaVirtualMachines/jdk1.8.0_191.jdk/Contents/Home/jre/lib"/>
    <property name="sun.java.command" value="/Users/joshuasmba/Documents/amazon/Web-Automation-Framkework/Ebay/target/surefire/surefirebooter3755591734391245277.jar /Users/joshuasmba/Documents/amazon/Web-Automation-Framkework/Ebay/target/surefire 2019-01-08T23-43-18_009-jvmRun1 surefire1024284572236566168tmp surefire_08403441992971233550tmp"/>
    <property name="http.nonProxyHosts" value="local|*.local|169.254/16|*.169.254/16"/>
    <property name="surefire.test.class.path" value="/Users/joshuasmba/Documents/amazon/Web-Automation-Framkework/Ebay/target/test-classes:/Users/joshuasmba/Documents/amazon/Web-Automation-Framkework/Ebay/target/classes:/Users/joshuasmba/Documents/amazon/Web-Automation-Framkework/Generic/target/classes:/Users/joshuasmba/.m2/repository/org/testng/testng/6.14.3/testng-6.14.3.jar:/Users/joshuasmba/.m2/repository/com/beust/jcommander/1.72/jcommander-1.72.jar:/Users/joshuasmba/.m2/repository/org/apache-extras/beanshell/bsh/2.0b6/bsh-2.0b6.jar:/Users/joshuasmba/.m2/repository/org/seleniumhq/selenium/selenium-java/3.141.59/selenium-java-3.141.59.jar:/Users/joshuasmba/.m2/repository/org/seleniumhq/selenium/selenium-api/3.141.59/selenium-api-3.141.59.jar:/Users/joshuasmba/.m2/repository/org/seleniumhq/selenium/selenium-chrome-driver/3.141.59/selenium-chrome-driver-3.141.59.jar:/Users/joshuasmba/.m2/repository/org/seleniumhq/selenium/selenium-edge-driver/3.141.59/selenium-edge-driver-3.141.59.jar:/Users/joshuasmba/.m2/repository/org/seleniumhq/selenium/selenium-firefox-driver/3.141.59/selenium-firefox-driver-3.141.59.jar:/Users/joshuasmba/.m2/repository/org/seleniumhq/selenium/selenium-ie-driver/3.141.59/selenium-ie-driver-3.141.59.jar:/Users/joshuasmba/.m2/repository/org/seleniumhq/selenium/selenium-opera-driver/3.141.59/selenium-opera-driver-3.141.59.jar:/Users/joshuasmba/.m2/repository/org/seleniumhq/selenium/selenium-remote-driver/3.141.59/selenium-remote-driver-3.141.59.jar:/Users/joshuasmba/.m2/repository/org/seleniumhq/selenium/selenium-safari-driver/3.141.59/selenium-safari-driver-3.141.59.jar:/Users/joshuasmba/.m2/repository/org/seleniumhq/selenium/selenium-support/3.141.59/selenium-support-3.141.59.jar:/Users/joshuasmba/.m2/repository/net/bytebuddy/byte-buddy/1.8.15/byte-buddy-1.8.15.jar:/Users/joshuasmba/.m2/repository/org/apache/commons/commons-exec/1.3/commons-exec-1.3.jar:/Users/joshuasmba/.m2/repository/com/google/guava/guava/25.0-jre/guava-25.0-jre.jar:/Users/joshuasmba/.m2/repository/org/checkerframework/checker-compat-qual/2.0.0/checker-compat-qual-2.0.0.jar:/Users/joshuasmba/.m2/repository/com/google/errorprone/error_prone_annotations/2.1.3/error_prone_annotations-2.1.3.jar:/Users/joshuasmba/.m2/repository/com/google/j2objc/j2objc-annotations/1.1/j2objc-annotations-1.1.jar:/Users/joshuasmba/.m2/repository/org/codehaus/mojo/animal-sniffer-annotations/1.14/animal-sniffer-annotations-1.14.jar:/Users/joshuasmba/.m2/repository/com/squareup/okhttp3/okhttp/3.11.0/okhttp-3.11.0.jar:/Users/joshuasmba/.m2/repository/com/squareup/okio/okio/1.14.0/okio-1.14.0.jar:/Users/joshuasmba/.m2/repository/org/seleniumhq/selenium/selenium-server/3.141.59/selenium-server-3.141.59.jar:/Users/joshuasmba/.m2/repository/net/jcip/jcip-annotations/1.0/jcip-annotations-1.0.jar:/Users/joshuasmba/.m2/repository/org/seleniumhq/selenium/jetty-repacked/9.4.12.v20180830/jetty-repacked-9.4.12.v20180830.jar:/Users/joshuasmba/.m2/repository/javax/servlet/javax.servlet-api/3.1.0/javax.servlet-api-3.1.0.jar:/Users/joshuasmba/.m2/repository/org/yaml/snakeyaml/1.19/snakeyaml-1.19.jar:/Users/joshuasmba/.m2/repository/com/aventstack/extentreports/3.0.7/extentreports-3.0.7.jar:/Users/joshuasmba/.m2/repository/org/freemarker/freemarker/2.3.23/freemarker-2.3.23.jar:/Users/joshuasmba/.m2/repository/org/mongodb/mongodb-driver/3.3.0/mongodb-driver-3.3.0.jar:/Users/joshuasmba/.m2/repository/org/mongodb/bson/3.3.0/bson-3.3.0.jar:/Users/joshuasmba/.m2/repository/org/mongodb/mongodb-driver-core/3.3.0/mongodb-driver-core-3.3.0.jar:/Users/joshuasmba/.m2/repository/org/apache/httpcomponents/httpclient/4.5.2/httpclient-4.5.2.jar:/Users/joshuasmba/.m2/repository/org/apache/httpcomponents/httpcore/4.4.4/httpcore-4.4.4.jar:/Users/joshuasmba/.m2/repository/commons-logging/commons-logging/1.2/commons-logging-1.2.jar:/Users/joshuasmba/.m2/repository/commons-codec/commons-codec/1.9/commons-codec-1.9.jar:/Users/joshuasmba/.m2/repository/org/apache/httpcomponents/httpmime/4.5.2/httpmime-4.5.2.jar:/Users/joshuasmba/.m2/repository/org/jsoup/jsoup/1.9.2/jsoup-1.9.2.jar:/Users/joshuasmba/.m2/repository/com/google/code/gson/gson/2.8.0/gson-2.8.0.jar:/Users/joshuasmba/.m2/repository/com/relevantcodes/extentreports/2.41.1/extentreports-2.41.1.jar:/Users/joshuasmba/.m2/repository/org/xerial/sqlite-jdbc/3.8.11.1/sqlite-jdbc-3.8.11.1.jar:/Users/joshuasmba/.m2/repository/com/google/http-client/google-http-client/1.23.0/google-http-client-1.23.0.jar:/Users/joshuasmba/.m2/repository/com/google/code/findbugs/jsr305/1.3.9/jsr305-1.3.9.jar:/Users/joshuasmba/.m2/repository/org/apache/commons/commons-lang3/3.0/commons-lang3-3.0.jar:"/>
    <property name="sun.cpu.endian" value="little"/>
    <property name="user.home" value="/Users/joshuasmba"/>
    <property name="user.language" value="en"/>
    <property name="java.specification.vendor" value="Oracle Corporation"/>
    <property name="java.home" value="/Library/Java/JavaVirtualMachines/jdk1.8.0_191.jdk/Contents/Home/jre"/>
    <property name="basedir" value="/Users/joshuasmba/Documents/amazon/Web-Automation-Framkework/Ebay"/>
    <property name="file.separator" value="/"/>
    <property name="line.separator" value="&#10;"/>
    <property name="java.vm.specification.vendor" value="Oracle Corporation"/>
    <property name="java.specification.name" value="Java Platform API Specification"/>
    <property name="java.awt.graphicsenv" value="sun.awt.CGraphicsEnvironment"/>
    <property name="surefire.real.class.path" value="/Users/joshuasmba/Documents/amazon/Web-Automation-Framkework/Ebay/target/surefire/surefirebooter3755591734391245277.jar"/>
    <property name="sun.boot.class.path" value="/Library/Java/JavaVirtualMachines/jdk1.8.0_191.jdk/Contents/Home/jre/lib/resources.jar:/Library/Java/JavaVirtualMachines/jdk1.8.0_191.jdk/Contents/Home/jre/lib/rt.jar:/Library/Java/JavaVirtualMachines/jdk1.8.0_191.jdk/Contents/Home/jre/lib/sunrsasign.jar:/Library/Java/JavaVirtualMachines/jdk1.8.0_191.jdk/Contents/Home/jre/lib/jsse.jar:/Library/Java/JavaVirtualMachines/jdk1.8.0_191.jdk/Contents/Home/jre/lib/jce.jar:/Library/Java/JavaVirtualMachines/jdk1.8.0_191.jdk/Contents/Home/jre/lib/charsets.jar:/Library/Java/JavaVirtualMachines/jdk1.8.0_191.jdk/Contents/Home/jre/lib/jfr.jar:/Library/Java/JavaVirtualMachines/jdk1.8.0_191.jdk/Contents/Home/jre/classes"/>
    <property name="sun.management.compiler" value="HotSpot 64-Bit Tiered Compilers"/>
    <property name="ftp.nonProxyHosts" value="local|*.local|169.254/16|*.169.254/16"/>
    <property name="java.runtime.version" value="1.8.0_191-b12"/>
    <property name="user.name" value="joshuasmba"/>
    <property name="path.separator" value=":"/>
    <property name="os.version" value="10.14.1"/>
    <property name="java.endorsed.dirs" value="/Library/Java/JavaVirtualMachines/jdk1.8.0_191.jdk/Contents/Home/jre/lib/endorsed"/>
    <property name="java.runtime.name" value="Java(TM) SE Runtime Environment"/>
    <property name="file.encoding" value="UTF-8"/>
    <property name="java.vm.name" value="Java HotSpot(TM) 64-Bit Server VM"/>
    <property name="localRepository" value="/Users/joshuasmba/.m2/repository"/>
    <property name="java.vendor.url.bug" value="http://bugreport.sun.com/bugreport/"/>
    <property name="java.io.tmpdir" value="/var/folders/y6/2p620w_j1d9dwvt81_9c5fsw0000gn/T/"/>
    <property name="java.version" value="1.8.0_191"/>
    <property name="user.dir" value="/Users/joshuasmba/Documents/amazon/Web-Automation-Framkework/Ebay"/>
    <property name="os.arch" value="x86_64"/>
    <property name="java.vm.specification.name" value="Java Virtual Machine Specification"/>
    <property name="java.awt.printerjob" value="sun.lwawt.macosx.CPrinterJob"/>
    <property name="sun.os.patch.level" value="unknown"/>
    <property name="java.library.path" value="/Users/joshuasmba/Library/Java/Extensions:/Library/Java/Extensions:/Network/Library/Java/Extensions:/System/Library/Java/Extensions:/usr/lib/java:."/>
    <property name="java.vm.info" value="mixed mode"/>
    <property name="java.vendor" value="Oracle Corporation"/>
    <property name="java.vm.version" value="25.191-b12"/>
    <property name="java.ext.dirs" value="/Users/joshuasmba/Library/Java/Extensions:/Library/Java/JavaVirtualMachines/jdk1.8.0_191.jdk/Contents/Home/jre/lib/ext:/Library/Java/Extensions:/Network/Library/Java/Extensions:/System/Library/Java/Extensions:/usr/lib/java"/>
    <property name="sun.io.unicode.encoding" value="UnicodeBig"/>
    <property name="java.class.version" value="52.0"/>
    <property name="socksNonProxyHosts" value="local|*.local|169.254/16|*.169.254/16"/>
  </properties>
  <testcase name="businessAndIndustrialUtilityTest" classname="ebayTests.HomeUtilitiesTests" time="1.498"/>
  <testcase name="collectiblesAndArtTest" classname="ebayTests.HomeUtilitiesTests" time="1.17"/>
  <testcase name="dealsUtilityTest" classname="ebayTests.HomeUtilitiesTests" time="2.134"/>
  <testcase name="electronicsUtilityTest" classname="ebayTests.HomeUtilitiesTests" time="1.127"/>
  <testcase name="fashionUtilityTest" classname="ebayTests.HomeUtilitiesTests" time="1.099"/>
  <testcase name="homeAndGardenTest" classname="ebayTests.HomeUtilitiesTests" time="6.771"/>
  <testcase name="homeButtonTest" classname="ebayTests.HomeUtilitiesTests" time="0.302"/>
  <testcase name="motorsUtilTest" classname="ebayTests.HomeUtilitiesTests" time="1.41"/>
  <testcase name="musicUtilityTest" classname="ebayTests.HomeUtilitiesTests" time="1.112"/>
  <testcase name="savedUtilityTest" classname="ebayTests.HomeUtilitiesTests" time="1.686"/>
  <testcase name="searchbuttonTest" classname="ebayTests.HomeUtilitiesTests" time="1.466"/>
  <testcase name="sportingGoodsTest" classname="ebayTests.HomeUtilitiesTests" time="1.815"/>
  <testcase name="toysUtilityTest" classname="ebayTests.HomeUtilitiesTests" time="6.742"/>
  <testcase name="under10utilityTest" classname="ebayTests.HomeUtilitiesTests" time="1.434"/>
  <testcase name="usingSearchBarTest" classname="ebayTests.HomeUtilitiesTests" time="8.731"/>
</testsuite>