<?xml version="1.0" encoding="UTF-8"?>
<testsuite xmlns:xsi="http://www.w3.org/2001/XMLSchema-instance" xsi:noNamespaceSchemaLocation="https://maven.apache.org/surefire/maven-surefire-plugin/xsd/surefire-test-report-3.0.xsd" version="3.0" name="TestSuite" time="358.669" tests="46" errors="0" skipped="0" failures="3">
  <properties>
    <property name="gopherProxySet" value="false"/>
    <property name="awt.toolkit" value="sun.lwawt.macosx.LWCToolkit"/>
    <property name="file.encoding.pkg" value="sun.io"/>
    <property name="java.specification.version" value="1.8"/>
    <property name="sun.cpu.isalist" value=""/>
    <property name="sun.jnu.encoding" value="UTF-8"/>
    <property name="java.class.path" value="/Users/joshuasmba/Documents/amazon/Web-Automation-Framkework/Ebay/target/test-classes:/Users/joshuasmba/Documents/amazon/Web-Automation-Framkework/Ebay/target/classes:/Users/joshuasmba/Documents/amazon/Web-Automation-Framkework/Generic/target/classes:/Users/joshuasmba/.m2/repository/org/testng/testng/6.14.3/testng-6.14.3.jar:/Users/joshuasmba/.m2/repository/com/beust/jcommander/1.72/jcommander-1.72.jar:/Users/joshuasmba/.m2/repository/org/apache-extras/beanshell/bsh/2.0b6/bsh-2.0b6.jar:/Users/joshuasmba/.m2/repository/org/seleniumhq/selenium/selenium-java/3.141.59/selenium-java-3.141.59.jar:/Users/joshuasmba/.m2/repository/org/seleniumhq/selenium/selenium-api/3.141.59/selenium-api-3.141.59.jar:/Users/joshuasmba/.m2/repository/org/seleniumhq/selenium/selenium-chrome-driver/3.141.59/selenium-chrome-driver-3.141.59.jar:/Users/joshuasmba/.m2/repository/org/seleniumhq/selenium/selenium-edge-driver/3.141.59/selenium-edge-driver-3.141.59.jar:/Users/joshuasmba/.m2/repository/org/seleniumhq/selenium/selenium-firefox-driver/3.141.59/selenium-firefox-driver-3.141.59.jar:/Users/joshuasmba/.m2/repository/org/seleniumhq/selenium/selenium-ie-driver/3.141.59/selenium-ie-driver-3.141.59.jar:/Users/joshuasmba/.m2/repository/org/seleniumhq/selenium/selenium-opera-driver/3.141.59/selenium-opera-driver-3.141.59.jar:/Users/joshuasmba/.m2/repository/org/seleniumhq/selenium/selenium-remote-driver/3.141.59/selenium-remote-driver-3.141.59.jar:/Users/joshuasmba/.m2/repository/org/seleniumhq/selenium/selenium-safari-driver/3.141.59/selenium-safari-driver-3.141.59.jar:/Users/joshuasmba/.m2/repository/org/seleniumhq/selenium/selenium-support/3.141.59/selenium-support-3.141.59.jar:/Users/joshuasmba/.m2/repository/net/bytebuddy/byte-buddy/1.8.15/byte-buddy-1.8.15.jar:/Users/joshuasmba/.m2/repository/org/apache/commons/commons-exec/1.3/commons-exec-1.3.jar:/Users/joshuasmba/.m2/repository/com/google/guava/guava/25.0-jre/guava-25.0-jre.jar:/Users/joshuasmba/.m2/repository/com/google/code/findbugs/jsr305/1.3.9/jsr305-1.3.9.jar:/Users/joshuasmba/.m2/repository/org/checkerframework/checker-compat-qual/2.0.0/checker-compat-qual-2.0.0.jar:/Users/joshuasmba/.m2/repository/com/google/errorprone/error_prone_annotations/2.1.3/error_prone_annotations-2.1.3.jar:/Users/joshuasmba/.m2/repository/com/google/j2objc/j2objc-annotations/1.1/j2objc-annotations-1.1.jar:/Users/joshuasmba/.m2/repository/org/codehaus/mojo/animal-sniffer-annotations/1.14/animal-sniffer-annotations-1.14.jar:/Users/joshuasmba/.m2/repository/com/squareup/okhttp3/okhttp/3.11.0/okhttp-3.11.0.jar:/Users/joshuasmba/.m2/repository/com/squareup/okio/okio/1.14.0/okio-1.14.0.jar:/Users/joshuasmba/.m2/repository/org/seleniumhq/selenium/selenium-server/3.141.59/selenium-server-3.141.59.jar:/Users/joshuasmba/.m2/repository/net/jcip/jcip-annotations/1.0/jcip-annotations-1.0.jar:/Users/joshuasmba/.m2/repository/org/seleniumhq/selenium/jetty-repacked/9.4.12.v20180830/jetty-repacked-9.4.12.v20180830.jar:/Users/joshuasmba/.m2/repository/javax/servlet/javax.servlet-api/3.1.0/javax.servlet-api-3.1.0.jar:/Users/joshuasmba/.m2/repository/org/yaml/snakeyaml/1.19/snakeyaml-1.19.jar:/Users/joshuasmba/.m2/repository/com/aventstack/extentreports/3.0.7/extentreports-3.0.7.jar:/Users/joshuasmba/.m2/repository/org/freemarker/freemarker/2.3.23/freemarker-2.3.23.jar:/Users/joshuasmba/.m2/repository/org/mongodb/mongodb-driver/3.3.0/mongodb-driver-3.3.0.jar:/Users/joshuasmba/.m2/repository/org/mongodb/bson/3.3.0/bson-3.3.0.jar:/Users/joshuasmba/.m2/repository/org/mongodb/mongodb-driver-core/3.3.0/mongodb-driver-core-3.3.0.jar:/Users/joshuasmba/.m2/repository/org/apache/httpcomponents/httpclient/4.5.2/httpclient-4.5.2.jar:/Users/joshuasmba/.m2/repository/org/apache/httpcomponents/httpcore/4.4.4/httpcore-4.4.4.jar:/Users/joshuasmba/.m2/repository/commons-logging/commons-logging/1.2/commons-logging-1.2.jar:/Users/joshuasmba/.m2/repository/org/apache/httpcomponents/httpmime/4.5.2/httpmime-4.5.2.jar:/Users/joshuasmba/.m2/repository/org/jsoup/jsoup/1.9.2/jsoup-1.9.2.jar:/Users/joshuasmba/.m2/repository/com/google/code/gson/gson/2.8.0/gson-2.8.0.jar:/Users/joshuasmba/.m2/repository/org/mongodb/mongo-java-driver/3.6.0-beta1/mongo-java-driver-3.6.0-beta1.jar:/Users/joshuasmba/.m2/repository/mysql/mysql-connector-java/8.0.13/mysql-connector-java-8.0.13.jar:/Users/joshuasmba/.m2/repository/com/google/protobuf/protobuf-java/3.6.1/protobuf-java-3.6.1.jar:/Users/joshuasmba/.m2/repository/org/apache/poi/poi/3.17/poi-3.17.jar:/Users/joshuasmba/.m2/repository/commons-codec/commons-codec/1.10/commons-codec-1.10.jar:/Users/joshuasmba/.m2/repository/org/apache/commons/commons-collections4/4.1/commons-collections4-4.1.jar:/Users/joshuasmba/.m2/repository/org/apache/poi/poi-ooxml/3.17/poi-ooxml-3.17.jar:/Users/joshuasmba/.m2/repository/com/github/virtuald/curvesapi/1.04/curvesapi-1.04.jar:/Users/joshuasmba/.m2/repository/org/apache/poi/ooxml-schemas/1.1/ooxml-schemas-1.1.jar:/Users/joshuasmba/.m2/repository/org/apache/xmlbeans/xmlbeans/2.3.0/xmlbeans-2.3.0.jar:/Users/joshuasmba/.m2/repository/stax/stax-api/1.0.1/stax-api-1.0.1.jar:/Users/joshuasmba/.m2/repository/org/apache/poi/poi-ooxml-schemas/3.9/poi-ooxml-schemas-3.9.jar:/Users/joshuasmba/.m2/repository/org/apache/poi/openxml4j/1.0-beta/openxml4j-1.0-beta.jar:/Users/joshuasmba/.m2/repository/dom4j/dom4j/1.6.1/dom4j-1.6.1.jar:/Users/joshuasmba/.m2/repository/xml-apis/xml-apis/1.0.b2/xml-apis-1.0.b2.jar:/Users/joshuasmba/.m2/repository/log4j/log4j/1.2.8/log4j-1.2.8.jar:/Users/joshuasmba/.m2/repository/com/relevantcodes/extentreports/2.41.1/extentreports-2.41.1.jar:/Users/joshuasmba/.m2/repository/org/xerial/sqlite-jdbc/3.8.11.1/sqlite-jdbc-3.8.11.1.jar:/Users/joshuasmba/.m2/repository/com/google/api-client/google-api-client/1.22.0/google-api-client-1.22.0.jar:/Users/joshuasmba/.m2/repository/com/google/oauth-client/google-oauth-client/1.22.0/google-oauth-client-1.22.0.jar:/Users/joshuasmba/.m2/repository/com/google/http-client/google-http-client/1.22.0/google-http-client-1.22.0.jar:/Users/joshuasmba/.m2/repository/com/google/http-client/google-http-client-jackson2/1.22.0/google-http-client-jackson2-1.22.0.jar:/Users/joshuasmba/.m2/repository/com/fasterxml/jackson/core/jackson-core/2.1.3/jackson-core-2.1.3.jar:/Users/joshuasmba/.m2/repository/com/google/guava/guava-jdk5/17.0/guava-jdk5-17.0.jar:/Users/joshuasmba/.m2/repository/org/apache/commons/commons-lang3/3.0/commons-lang3-3.0.jar:/Users/joshuasmba/.m2/repository/commons-io/commons-io/2.5/commons-io-2.5.jar:"/>
    <property name="java.vm.vendor" value="Oracle Corporation"/>
    <property name="sun.arch.data.model" value="64"/>
    <property name="java.vendor.url" value="http://java.oracle.com/"/>
    <property name="user.timezone" value=""/>
    <property name="java.vm.specification.version" value="1.8"/>
    <property name="os.name" value="Mac OS X"/>
    <property name="user.country" value="US"/>
    <property name="sun.java.launcher" value="SUN_STANDARD"/>
    <property name="sun.boot.library.path" value="/Library/Java/JavaVirtualMachines/jdk1.8.0_191.jdk/Contents/Home/jre/lib"/>
    <property name="sun.java.command" value="/Users/joshuasmba/Documents/amazon/Web-Automation-Framkework/Ebay/target/surefire/surefirebooter7965218689151726441.jar /Users/joshuasmba/Documents/amazon/Web-Automation-Framkework/Ebay/target/surefire 2019-01-13T18-01-03_067-jvmRun1 surefire7552190647027280995tmp surefire_0967218890171167123tmp"/>
    <property name="http.nonProxyHosts" value="local|*.local|169.254/16|*.169.254/16"/>
    <property name="surefire.test.class.path" value="/Users/joshuasmba/Documents/amazon/Web-Automation-Framkework/Ebay/target/test-classes:/Users/joshuasmba/Documents/amazon/Web-Automation-Framkework/Ebay/target/classes:/Users/joshuasmba/Documents/amazon/Web-Automation-Framkework/Generic/target/classes:/Users/joshuasmba/.m2/repository/org/testng/testng/6.14.3/testng-6.14.3.jar:/Users/joshuasmba/.m2/repository/com/beust/jcommander/1.72/jcommander-1.72.jar:/Users/joshuasmba/.m2/repository/org/apache-extras/beanshell/bsh/2.0b6/bsh-2.0b6.jar:/Users/joshuasmba/.m2/repository/org/seleniumhq/selenium/selenium-java/3.141.59/selenium-java-3.141.59.jar:/Users/joshuasmba/.m2/repository/org/seleniumhq/selenium/selenium-api/3.141.59/selenium-api-3.141.59.jar:/Users/joshuasmba/.m2/repository/org/seleniumhq/selenium/selenium-chrome-driver/3.141.59/selenium-chrome-driver-3.141.59.jar:/Users/joshuasmba/.m2/repository/org/seleniumhq/selenium/selenium-edge-driver/3.141.59/selenium-edge-driver-3.141.59.jar:/Users/joshuasmba/.m2/repository/org/seleniumhq/selenium/selenium-firefox-driver/3.141.59/selenium-firefox-driver-3.141.59.jar:/Users/joshuasmba/.m2/repository/org/seleniumhq/selenium/selenium-ie-driver/3.141.59/selenium-ie-driver-3.141.59.jar:/Users/joshuasmba/.m2/repository/org/seleniumhq/selenium/selenium-opera-driver/3.141.59/selenium-opera-driver-3.141.59.jar:/Users/joshuasmba/.m2/repository/org/seleniumhq/selenium/selenium-remote-driver/3.141.59/selenium-remote-driver-3.141.59.jar:/Users/joshuasmba/.m2/repository/org/seleniumhq/selenium/selenium-safari-driver/3.141.59/selenium-safari-driver-3.141.59.jar:/Users/joshuasmba/.m2/repository/org/seleniumhq/selenium/selenium-support/3.141.59/selenium-support-3.141.59.jar:/Users/joshuasmba/.m2/repository/net/bytebuddy/byte-buddy/1.8.15/byte-buddy-1.8.15.jar:/Users/joshuasmba/.m2/repository/org/apache/commons/commons-exec/1.3/commons-exec-1.3.jar:/Users/joshuasmba/.m2/repository/com/google/guava/guava/25.0-jre/guava-25.0-jre.jar:/Users/joshuasmba/.m2/repository/com/google/code/findbugs/jsr305/1.3.9/jsr305-1.3.9.jar:/Users/joshuasmba/.m2/repository/org/checkerframework/checker-compat-qual/2.0.0/checker-compat-qual-2.0.0.jar:/Users/joshuasmba/.m2/repository/com/google/errorprone/error_prone_annotations/2.1.3/error_prone_annotations-2.1.3.jar:/Users/joshuasmba/.m2/repository/com/google/j2objc/j2objc-annotations/1.1/j2objc-annotations-1.1.jar:/Users/joshuasmba/.m2/repository/org/codehaus/mojo/animal-sniffer-annotations/1.14/animal-sniffer-annotations-1.14.jar:/Users/joshuasmba/.m2/repository/com/squareup/okhttp3/okhttp/3.11.0/okhttp-3.11.0.jar:/Users/joshuasmba/.m2/repository/com/squareup/okio/okio/1.14.0/okio-1.14.0.jar:/Users/joshuasmba/.m2/repository/org/seleniumhq/selenium/selenium-server/3.141.59/selenium-server-3.141.59.jar:/Users/joshuasmba/.m2/repository/net/jcip/jcip-annotations/1.0/jcip-annotations-1.0.jar:/Users/joshuasmba/.m2/repository/org/seleniumhq/selenium/jetty-repacked/9.4.12.v20180830/jetty-repacked-9.4.12.v20180830.jar:/Users/joshuasmba/.m2/repository/javax/servlet/javax.servlet-api/3.1.0/javax.servlet-api-3.1.0.jar:/Users/joshuasmba/.m2/repository/org/yaml/snakeyaml/1.19/snakeyaml-1.19.jar:/Users/joshuasmba/.m2/repository/com/aventstack/extentreports/3.0.7/extentreports-3.0.7.jar:/Users/joshuasmba/.m2/repository/org/freemarker/freemarker/2.3.23/freemarker-2.3.23.jar:/Users/joshuasmba/.m2/repository/org/mongodb/mongodb-driver/3.3.0/mongodb-driver-3.3.0.jar:/Users/joshuasmba/.m2/repository/org/mongodb/bson/3.3.0/bson-3.3.0.jar:/Users/joshuasmba/.m2/repository/org/mongodb/mongodb-driver-core/3.3.0/mongodb-driver-core-3.3.0.jar:/Users/joshuasmba/.m2/repository/org/apache/httpcomponents/httpclient/4.5.2/httpclient-4.5.2.jar:/Users/joshuasmba/.m2/repository/org/apache/httpcomponents/httpcore/4.4.4/httpcore-4.4.4.jar:/Users/joshuasmba/.m2/repository/commons-logging/commons-logging/1.2/commons-logging-1.2.jar:/Users/joshuasmba/.m2/repository/org/apache/httpcomponents/httpmime/4.5.2/httpmime-4.5.2.jar:/Users/joshuasmba/.m2/repository/org/jsoup/jsoup/1.9.2/jsoup-1.9.2.jar:/Users/joshuasmba/.m2/repository/com/google/code/gson/gson/2.8.0/gson-2.8.0.jar:/Users/joshuasmba/.m2/repository/org/mongodb/mongo-java-driver/3.6.0-beta1/mongo-java-driver-3.6.0-beta1.jar:/Users/joshuasmba/.m2/repository/mysql/mysql-connector-java/8.0.13/mysql-connector-java-8.0.13.jar:/Users/joshuasmba/.m2/repository/com/google/protobuf/protobuf-java/3.6.1/protobuf-java-3.6.1.jar:/Users/joshuasmba/.m2/repository/org/apache/poi/poi/3.17/poi-3.17.jar:/Users/joshuasmba/.m2/repository/commons-codec/commons-codec/1.10/commons-codec-1.10.jar:/Users/joshuasmba/.m2/repository/org/apache/commons/commons-collections4/4.1/commons-collections4-4.1.jar:/Users/joshuasmba/.m2/repository/org/apache/poi/poi-ooxml/3.17/poi-ooxml-3.17.jar:/Users/joshuasmba/.m2/repository/com/github/virtuald/curvesapi/1.04/curvesapi-1.04.jar:/Users/joshuasmba/.m2/repository/org/apache/poi/ooxml-schemas/1.1/ooxml-schemas-1.1.jar:/Users/joshuasmba/.m2/repository/org/apache/xmlbeans/xmlbeans/2.3.0/xmlbeans-2.3.0.jar:/Users/joshuasmba/.m2/repository/stax/stax-api/1.0.1/stax-api-1.0.1.jar:/Users/joshuasmba/.m2/repository/org/apache/poi/poi-ooxml-schemas/3.9/poi-ooxml-schemas-3.9.jar:/Users/joshuasmba/.m2/repository/org/apache/poi/openxml4j/1.0-beta/openxml4j-1.0-beta.jar:/Users/joshuasmba/.m2/repository/dom4j/dom4j/1.6.1/dom4j-1.6.1.jar:/Users/joshuasmba/.m2/repository/xml-apis/xml-apis/1.0.b2/xml-apis-1.0.b2.jar:/Users/joshuasmba/.m2/repository/log4j/log4j/1.2.8/log4j-1.2.8.jar:/Users/joshuasmba/.m2/repository/com/relevantcodes/extentreports/2.41.1/extentreports-2.41.1.jar:/Users/joshuasmba/.m2/repository/org/xerial/sqlite-jdbc/3.8.11.1/sqlite-jdbc-3.8.11.1.jar:/Users/joshuasmba/.m2/repository/com/google/api-client/google-api-client/1.22.0/google-api-client-1.22.0.jar:/Users/joshuasmba/.m2/repository/com/google/oauth-client/google-oauth-client/1.22.0/google-oauth-client-1.22.0.jar:/Users/joshuasmba/.m2/repository/com/google/http-client/google-http-client/1.22.0/google-http-client-1.22.0.jar:/Users/joshuasmba/.m2/repository/com/google/http-client/google-http-client-jackson2/1.22.0/google-http-client-jackson2-1.22.0.jar:/Users/joshuasmba/.m2/repository/com/fasterxml/jackson/core/jackson-core/2.1.3/jackson-core-2.1.3.jar:/Users/joshuasmba/.m2/repository/com/google/guava/guava-jdk5/17.0/guava-jdk5-17.0.jar:/Users/joshuasmba/.m2/repository/org/apache/commons/commons-lang3/3.0/commons-lang3-3.0.jar:/Users/joshuasmba/.m2/repository/commons-io/commons-io/2.5/commons-io-2.5.jar:"/>
    <property name="sun.cpu.endian" value="little"/>
    <property name="user.home" value="/Users/joshuasmba"/>
    <property name="user.language" value="en"/>
    <property name="java.specification.vendor" value="Oracle Corporation"/>
    <property name="java.home" value="/Library/Java/JavaVirtualMachines/jdk1.8.0_191.jdk/Contents/Home/jre"/>
    <property name="basedir" value="/Users/joshuasmba/Documents/amazon/Web-Automation-Framkework/Ebay"/>
    <property name="file.separator" value="/"/>
    <property name="line.separator" value="&#10;"/>
    <property name="java.vm.specification.vendor" value="Oracle Corporation"/>
    <property name="java.specification.name" value="Java Platform API Specification"/>
    <property name="java.awt.graphicsenv" value="sun.awt.CGraphicsEnvironment"/>
    <property name="surefire.real.class.path" value="/Users/joshuasmba/Documents/amazon/Web-Automation-Framkework/Ebay/target/surefire/surefirebooter7965218689151726441.jar"/>
    <property name="sun.boot.class.path" value="/Library/Java/JavaVirtualMachines/jdk1.8.0_191.jdk/Contents/Home/jre/lib/resources.jar:/Library/Java/JavaVirtualMachines/jdk1.8.0_191.jdk/Contents/Home/jre/lib/rt.jar:/Library/Java/JavaVirtualMachines/jdk1.8.0_191.jdk/Contents/Home/jre/lib/sunrsasign.jar:/Library/Java/JavaVirtualMachines/jdk1.8.0_191.jdk/Contents/Home/jre/lib/jsse.jar:/Library/Java/JavaVirtualMachines/jdk1.8.0_191.jdk/Contents/Home/jre/lib/jce.jar:/Library/Java/JavaVirtualMachines/jdk1.8.0_191.jdk/Contents/Home/jre/lib/charsets.jar:/Library/Java/JavaVirtualMachines/jdk1.8.0_191.jdk/Contents/Home/jre/lib/jfr.jar:/Library/Java/JavaVirtualMachines/jdk1.8.0_191.jdk/Contents/Home/jre/classes"/>
    <property name="sun.management.compiler" value="HotSpot 64-Bit Tiered Compilers"/>
    <property name="ftp.nonProxyHosts" value="local|*.local|169.254/16|*.169.254/16"/>
    <property name="java.runtime.version" value="1.8.0_191-b12"/>
    <property name="user.name" value="joshuasmba"/>
    <property name="path.separator" value=":"/>
    <property name="os.version" value="10.14.1"/>
    <property name="java.endorsed.dirs" value="/Library/Java/JavaVirtualMachines/jdk1.8.0_191.jdk/Contents/Home/jre/lib/endorsed"/>
    <property name="java.runtime.name" value="Java(TM) SE Runtime Environment"/>
    <property name="file.encoding" value="UTF-8"/>
    <property name="java.vm.name" value="Java HotSpot(TM) 64-Bit Server VM"/>
    <property name="localRepository" value="/Users/joshuasmba/.m2/repository"/>
    <property name="java.vendor.url.bug" value="http://bugreport.sun.com/bugreport/"/>
    <property name="java.io.tmpdir" value="/var/folders/y6/2p620w_j1d9dwvt81_9c5fsw0000gn/T/"/>
    <property name="java.version" value="1.8.0_191"/>
    <property name="user.dir" value="/Users/joshuasmba/Documents/amazon/Web-Automation-Framkework/Ebay"/>
    <property name="os.arch" value="x86_64"/>
    <property name="java.vm.specification.name" value="Java Virtual Machine Specification"/>
    <property name="java.awt.printerjob" value="sun.lwawt.macosx.CPrinterJob"/>
    <property name="sun.os.patch.level" value="unknown"/>
    <property name="java.library.path" value="/Users/joshuasmba/Library/Java/Extensions:/Library/Java/Extensions:/Network/Library/Java/Extensions:/System/Library/Java/Extensions:/usr/lib/java:."/>
    <property name="java.vm.info" value="mixed mode"/>
    <property name="java.vendor" value="Oracle Corporation"/>
    <property name="java.vm.version" value="25.191-b12"/>
    <property name="java.ext.dirs" value="/Users/joshuasmba/Library/Java/Extensions:/Library/Java/JavaVirtualMachines/jdk1.8.0_191.jdk/Contents/Home/jre/lib/ext:/Library/Java/Extensions:/Network/Library/Java/Extensions:/System/Library/Java/Extensions:/usr/lib/java"/>
    <property name="sun.io.unicode.encoding" value="UnicodeBig"/>
    <property name="java.class.version" value="52.0"/>
    <property name="socksNonProxyHosts" value="local|*.local|169.254/16|*.169.254/16"/>
  </properties>
  <testcase name="collectiblesAndArtTest" classname="eBaytests.HomeUtilitiesTests" time="1.288"/>
  <testcase name="electronicsUtilityTest" classname="eBaytests.HomeUtilitiesTests" time="1.369"/>
  <testcase name="fashionUtilityTest" classname="eBaytests.HomeUtilitiesTests" time="1.336"/>
  <testcase name="homeButtonTest" classname="eBaytests.HomeUtilitiesTests" time="0.172"/>
  <testcase name="motorsUtilTest" classname="eBaytests.HomeUtilitiesTests" time="1.263"/>
  <testcase name="savedUtilityTest" classname="eBaytests.HomeUtilitiesTests" time="4.045"/>
  <testcase name="businessAndIndustrialUtilityTest" classname="eBaytests.HomePageUtilitiesTests2" time="1.593"/>
  <testcase name="dealsUtilityTest" classname="eBaytests.HomePageUtilitiesTests2" time="2.115"/>
  <testcase name="homeAndGardenTest" classname="eBaytests.HomePageUtilitiesTests2" time="1.67"/>
  <testcase name="musicUtilityTest" classname="eBaytests.HomePageUtilitiesTests2" time="1.245"/>
  <testcase name="sportingGoodsTest" classname="eBaytests.HomePageUtilitiesTests2" time="1.752"/>
  <testcase name="toysUtilityTest" classname="eBaytests.HomePageUtilitiesTests2" time="1.628"/>
  <testcase name="under10utilityTest" classname="eBaytests.HomePageUtilitiesTests2" time="2.012"/>
  <testcase name="addItemToCartTest" classname="eBaytests.PurchseTest" time="10.352"/>
  <testcase name="purchaseAnItemTest" classname="eBaytests.PurchseTest" time="17.12">
    <failure message="element not interactable&#10;  (Session info: chrome=71.0.3578.98)&#10;  (Driver info: chromedriver=2.45.615355 (d5698f682d8b2742017df6c81e0bd8e6a3063189),platform=Mac OS X 10.14.1 x86_64) (WARNING: The server did not provide any stacktrace information)&#10;Command duration or timeout: 0 milliseconds&#10;Build info: version: &apos;3.141.59&apos;, revision: &apos;e82be7d358&apos;, time: &apos;2018-11-14T08:17:03&apos;&#10;System info: host: &apos;Joshuas-MacBook-Air.local&apos;, ip: &apos;fe80:0:0:0:e1:e168:1f47:646a%en0&apos;, os.name: &apos;Mac OS X&apos;, os.arch: &apos;x86_64&apos;, os.version: &apos;10.14.1&apos;, java.version: &apos;1.8.0_191&apos;&#10;Driver info: org.openqa.selenium.chrome.ChromeDriver&#10;Capabilities {acceptInsecureCerts: false, acceptSslCerts: false, applicationCacheEnabled: false, browserConnectionEnabled: false, browserName: chrome, chrome: {chromedriverVersion: 2.45.615355 (d5698f682d8b27..., userDataDir: /var/folders/y6/2p620w_j1d9...}, cssSelectorsEnabled: true, databaseEnabled: false, goog:chromeOptions: {debuggerAddress: localhost:60552}, handlesAlerts: true, hasTouchScreen: false, javascriptEnabled: true, locationContextEnabled: true, mobileEmulationEnabled: false, nativeEvents: true, networkConnectionEnabled: false, pageLoadStrategy: normal, platform: MAC, platformName: MAC, proxy: Proxy(), rotatable: false, setWindowRect: true, strictFileInteractability: false, takesHeapSnapshot: true, takesScreenshot: true, timeouts: {implicit: 0, pageLoad: 300000, script: 30000}, unexpectedAlertBehaviour: ignore, unhandledPromptBehavior: ignore, version: 71.0.3578.98, webStorageEnabled: true}&#10;Session ID: ae2adbd0ee9e22307fca10ad83035c15" type="org.openqa.selenium.ElementNotVisibleException">org.openqa.selenium.ElementNotVisibleException: 
element not interactable
  (Session info: chrome=71.0.3578.98)
  (Driver info: chromedriver=2.45.615355 (d5698f682d8b2742017df6c81e0bd8e6a3063189),platform=Mac OS X 10.14.1 x86_64) (WARNING: The server did not provide any stacktrace information)
Command duration or timeout: 0 milliseconds
Build info: version: '3.141.59', revision: 'e82be7d358', time: '2018-11-14T08:17:03'
System info: host: 'Joshuas-MacBook-Air.local', ip: 'fe80:0:0:0:e1:e168:1f47:646a%en0', os.name: 'Mac OS X', os.arch: 'x86_64', os.version: '10.14.1', java.version: '1.8.0_191'
Driver info: org.openqa.selenium.chrome.ChromeDriver
Capabilities {acceptInsecureCerts: false, acceptSslCerts: false, applicationCacheEnabled: false, browserConnectionEnabled: false, browserName: chrome, chrome: {chromedriverVersion: 2.45.615355 (d5698f682d8b27..., userDataDir: /var/folders/y6/2p620w_j1d9...}, cssSelectorsEnabled: true, databaseEnabled: false, goog:chromeOptions: {debuggerAddress: localhost:60552}, handlesAlerts: true, hasTouchScreen: false, javascriptEnabled: true, locationContextEnabled: true, mobileEmulationEnabled: false, nativeEvents: true, networkConnectionEnabled: false, pageLoadStrategy: normal, platform: MAC, platformName: MAC, proxy: Proxy(), rotatable: false, setWindowRect: true, strictFileInteractability: false, takesHeapSnapshot: true, takesScreenshot: true, timeouts: {implicit: 0, pageLoad: 300000, script: 30000}, unexpectedAlertBehaviour: ignore, unhandledPromptBehavior: ignore, version: 71.0.3578.98, webStorageEnabled: true}
Session ID: ae2adbd0ee9e22307fca10ad83035c15
	at eBaytests.PurchseTest.purchaseAnItemTest(PurchseTest.java:18)
</failure>
    <system-out><![CDATA[PurchseTest: purchase An Item
]]></system-out>
    <system-err><![CDATA[Starting ChromeDriver 2.45.615355 (d5698f682d8b2742017df6c81e0bd8e6a3063189) on port 13001
Only local connections are allowed.
Jan 13, 2019 6:02:31 PM org.openqa.selenium.remote.ProtocolHandshake createSession
INFO: Detected dialect: OSS
]]></system-err>
  </testcase>
  <testcase name="registerNewUserTest" classname="eBaytests.signInTest" time="2.217"/>
  <testcase name="signInTest" classname="eBaytests.signInTest" time="4.416"/>
  <testcase name="saveTheSearchOfSpecificItemTest" classname="eBaytests.SearchTests" time="15.776">
    <failure message="no such element: Unable to locate element: {&quot;method&quot;:&quot;css selector&quot;,&quot;selector&quot;:&quot;#userid&quot;}&#10;  (Session info: chrome=71.0.3578.98)&#10;  (Driver info: chromedriver=2.45.615355 (d5698f682d8b2742017df6c81e0bd8e6a3063189),platform=Mac OS X 10.14.1 x86_64) (WARNING: The server did not provide any stacktrace information)&#10;Command duration or timeout: 0 milliseconds&#10;For documentation on this error, please visit: https://www.seleniumhq.org/exceptions/no_such_element.html&#10;Build info: version: &apos;3.141.59&apos;, revision: &apos;e82be7d358&apos;, time: &apos;2018-11-14T08:17:03&apos;&#10;System info: host: &apos;Joshuas-MacBook-Air.local&apos;, ip: &apos;fe80:0:0:0:e1:e168:1f47:646a%en0&apos;, os.name: &apos;Mac OS X&apos;, os.arch: &apos;x86_64&apos;, os.version: &apos;10.14.1&apos;, java.version: &apos;1.8.0_191&apos;&#10;Driver info: org.openqa.selenium.chrome.ChromeDriver&#10;Capabilities {acceptInsecureCerts: false, acceptSslCerts: false, applicationCacheEnabled: false, browserConnectionEnabled: false, browserName: chrome, chrome: {chromedriverVersion: 2.45.615355 (d5698f682d8b27..., userDataDir: /var/folders/y6/2p620w_j1d9...}, cssSelectorsEnabled: true, databaseEnabled: false, goog:chromeOptions: {debuggerAddress: localhost:60806}, handlesAlerts: true, hasTouchScreen: false, javascriptEnabled: true, locationContextEnabled: true, mobileEmulationEnabled: false, nativeEvents: true, networkConnectionEnabled: false, pageLoadStrategy: normal, platform: MAC, platformName: MAC, proxy: Proxy(), rotatable: false, setWindowRect: true, strictFileInteractability: false, takesHeapSnapshot: true, takesScreenshot: true, timeouts: {implicit: 0, pageLoad: 300000, script: 30000}, unexpectedAlertBehaviour: ignore, unhandledPromptBehavior: ignore, version: 71.0.3578.98, webStorageEnabled: true}&#10;Session ID: aa33bd22997c4363998f0c98af388c08&#10;*** Element info: {Using=css selector, value=#userid}" type="org.openqa.selenium.NoSuchElementException">org.openqa.selenium.NoSuchElementException: 
no such element: Unable to locate element: {"method":"css selector","selector":"#userid"}
  (Session info: chrome=71.0.3578.98)
  (Driver info: chromedriver=2.45.615355 (d5698f682d8b2742017df6c81e0bd8e6a3063189),platform=Mac OS X 10.14.1 x86_64) (WARNING: The server did not provide any stacktrace information)
Command duration or timeout: 0 milliseconds
For documentation on this error, please visit: https://www.seleniumhq.org/exceptions/no_such_element.html
Build info: version: '3.141.59', revision: 'e82be7d358', time: '2018-11-14T08:17:03'
System info: host: 'Joshuas-MacBook-Air.local', ip: 'fe80:0:0:0:e1:e168:1f47:646a%en0', os.name: 'Mac OS X', os.arch: 'x86_64', os.version: '10.14.1', java.version: '1.8.0_191'
Driver info: org.openqa.selenium.chrome.ChromeDriver
Capabilities {acceptInsecureCerts: false, acceptSslCerts: false, applicationCacheEnabled: false, browserConnectionEnabled: false, browserName: chrome, chrome: {chromedriverVersion: 2.45.615355 (d5698f682d8b27..., userDataDir: /var/folders/y6/2p620w_j1d9...}, cssSelectorsEnabled: true, databaseEnabled: false, goog:chromeOptions: {debuggerAddress: localhost:60806}, handlesAlerts: true, hasTouchScreen: false, javascriptEnabled: true, locationContextEnabled: true, mobileEmulationEnabled: false, nativeEvents: true, networkConnectionEnabled: false, pageLoadStrategy: normal, platform: MAC, platformName: MAC, proxy: Proxy(), rotatable: false, setWindowRect: true, strictFileInteractability: false, takesHeapSnapshot: true, takesScreenshot: true, timeouts: {implicit: 0, pageLoad: 300000, script: 30000}, unexpectedAlertBehaviour: ignore, unhandledPromptBehavior: ignore, version: 71.0.3578.98, webStorageEnabled: true}
Session ID: aa33bd22997c4363998f0c98af388c08
*** Element info: {Using=css selector, value=#userid}
	at eBaytests.SearchTests.saveTheSearchOfSpecificItemTest(SearchTests.java:39)
</failure>
    <system-out><![CDATA[SearchTests: save The Search Of Specific Item
]]></system-out>
    <system-err><![CDATA[Starting ChromeDriver 2.45.615355 (d5698f682d8b2742017df6c81e0bd8e6a3063189) on port 4393
Only local connections are allowed.
Jan 13, 2019 6:03:04 PM org.openqa.selenium.remote.ProtocolHandshake createSession
INFO: Detected dialect: OSS
]]></system-err>
  </testcase>
  <testcase name="searchByUsingKeywordTest" classname="eBaytests.SearchTests" time="1.441"/>
  <testcase name="searchItemWithItemNumberTest" classname="eBaytests.SearchTests" time="1.85"/>
  <testcase name="searchbuttonTest" classname="eBaytests.SearchTests" time="2.279"/>
  <testcase name="usingSearchBarTest" classname="eBaytests.SearchTests" time="2.942"/>
  <testcase name="seeAllDailyDealsTest" classname="eBaytests.HomePageFeaturesTests" time="1.945"/>
  <testcase name="seeAllEditorPicksTest" classname="eBaytests.HomePageFeaturesTests" time="1.246"/>
  <testcase name="seeAllFeaturedSalesAndEventsTest" classname="eBaytests.HomePageFeaturesTests" time="1.662"/>
  <testcase name="seeAllTrendsFeatureTest" classname="eBaytests.HomePageFeaturesTests" time="2.18"/>
  <testcase name="trendingDealsArrowButtonsTest" classname="eBaytests.HomePageFeaturesTests" time="3.049"/>
  <testcase name="selectAntiquesFromDropDownTest" classname="eBaytests.AllCategoriesDropDownTest" time="3.025"/>
  <testcase name="selectArtFromDropDwonTest" classname="eBaytests.AllCategoriesDropDownTest" time="1.72"/>
  <testcase name="selectBabyFromDropDownTest" classname="eBaytests.AllCategoriesDropDownTest" time="2.017"/>
  <testcase name="selectBooksFromDropDownTest" classname="eBaytests.AllCategoriesDropDownTest" time="2.358"/>
  <testcase name="selectBusinessAndIndusrialFromDropDrownTest" classname="eBaytests.AllCategoriesDropDownTest" time="2.475"/>
  <testcase name="selectCamerasAndPhotoFromDropDownTest" classname="eBaytests.AllCategoriesDropDownTest" time="1.581"/>
  <testcase name="selectCellPhonesAndAccesoriesTest" classname="eBaytests.AllCategoriesDropDownTest" time="1.512"/>
  <testcase name="selectClothingShoesAndAccesoriesTest" classname="eBaytests.AllCategoriesDropDownTest" time="2.41"/>
  <testcase name="selectCollectiblesAndArtFromDropDownTest" classname="eBaytests.ShopByCategoriesTest" time="1.488"/>
  <testcase name="selectElectronicsFromDropDownTest" classname="eBaytests.ShopByCategoriesTest" time="1.668"/>
  <testcase name="selectEntertainmentMemorabiliaFromDropDownTest" classname="eBaytests.ShopByCategoriesTest" time="1.38"/>
  <testcase name="selectFashionFromDropDownTest" classname="eBaytests.ShopByCategoriesTest" time="1.503"/>
  <testcase name="selectHomeAndGardenFromDropDownTest" classname="eBaytests.ShopByCategoriesTest" time="2.65"/>
  <testcase name="selectMotorsFromDropDownTest" classname="eBaytests.ShopByCategoriesTest" time="1.495"/>
  <testcase name="selectOtherCategoriesFromDropDownTest" classname="eBaytests.ShopByCategoriesTest" time="1.189"/>
  <testcase name="selectSportingGoodsFromDropDownTest" classname="eBaytests.ShopByCategoriesTest" time="2.045"/>
  <testcase name="selectToysAndHobbiesFromDropDownTest" classname="eBaytests.ShopByCategoriesTest" time="2.28"/>
  <testcase name="listItemForSaleTest" classname="eBaytests.ListItemForSaleTest" time="12.033">
    <failure message="no such element: Unable to locate element: {&quot;method&quot;:&quot;xpath&quot;,&quot;selector&quot;:&quot;//em[contains (text(), &apos;Clothing, Shoes &amp; Accessories &gt; Men&apos;)]&quot;}&#10;  (Session info: chrome=71.0.3578.98)&#10;  (Driver info: chromedriver=2.45.615355 (d5698f682d8b2742017df6c81e0bd8e6a3063189),platform=Mac OS X 10.14.1 x86_64) (WARNING: The server did not provide any stacktrace information)&#10;Command duration or timeout: 0 milliseconds&#10;For documentation on this error, please visit: https://www.seleniumhq.org/exceptions/no_such_element.html&#10;Build info: version: &apos;3.141.59&apos;, revision: &apos;e82be7d358&apos;, time: &apos;2018-11-14T08:17:03&apos;&#10;System info: host: &apos;Joshuas-MacBook-Air.local&apos;, ip: &apos;fe80:0:0:0:e1:e168:1f47:646a%en0&apos;, os.name: &apos;Mac OS X&apos;, os.arch: &apos;x86_64&apos;, os.version: &apos;10.14.1&apos;, java.version: &apos;1.8.0_191&apos;&#10;Driver info: org.openqa.selenium.chrome.ChromeDriver&#10;Capabilities {acceptInsecureCerts: false, acceptSslCerts: false, applicationCacheEnabled: false, browserConnectionEnabled: false, browserName: chrome, chrome: {chromedriverVersion: 2.45.615355 (d5698f682d8b27..., userDataDir: /var/folders/y6/2p620w_j1d9...}, cssSelectorsEnabled: true, databaseEnabled: false, goog:chromeOptions: {debuggerAddress: localhost:62093}, handlesAlerts: true, hasTouchScreen: false, javascriptEnabled: true, locationContextEnabled: true, mobileEmulationEnabled: false, nativeEvents: true, networkConnectionEnabled: false, pageLoadStrategy: normal, platform: MAC, platformName: MAC, proxy: Proxy(), rotatable: false, setWindowRect: true, strictFileInteractability: false, takesHeapSnapshot: true, takesScreenshot: true, timeouts: {implicit: 0, pageLoad: 300000, script: 30000}, unexpectedAlertBehaviour: ignore, unhandledPromptBehavior: ignore, version: 71.0.3578.98, webStorageEnabled: true}&#10;Session ID: a43109bbdef6b3961c11b5db35b13952&#10;*** Element info: {Using=xpath, value=//em[contains (text(), &apos;Clothing, Shoes &amp; Accessories &gt; Men&apos;)]}" type="org.openqa.selenium.NoSuchElementException"><![CDATA[org.openqa.selenium.NoSuchElementException: 
no such element: Unable to locate element: {"method":"xpath","selector":"//em[contains (text(), 'Clothing, Shoes & Accessories > Men')]"}
  (Session info: chrome=71.0.3578.98)
  (Driver info: chromedriver=2.45.615355 (d5698f682d8b2742017df6c81e0bd8e6a3063189),platform=Mac OS X 10.14.1 x86_64) (WARNING: The server did not provide any stacktrace information)
Command duration or timeout: 0 milliseconds
For documentation on this error, please visit: https://www.seleniumhq.org/exceptions/no_such_element.html
Build info: version: '3.141.59', revision: 'e82be7d358', time: '2018-11-14T08:17:03'
System info: host: 'Joshuas-MacBook-Air.local', ip: 'fe80:0:0:0:e1:e168:1f47:646a%en0', os.name: 'Mac OS X', os.arch: 'x86_64', os.version: '10.14.1', java.version: '1.8.0_191'
Driver info: org.openqa.selenium.chrome.ChromeDriver
Capabilities {acceptInsecureCerts: false, acceptSslCerts: false, applicationCacheEnabled: false, browserConnectionEnabled: false, browserName: chrome, chrome: {chromedriverVersion: 2.45.615355 (d5698f682d8b27..., userDataDir: /var/folders/y6/2p620w_j1d9...}, cssSelectorsEnabled: true, databaseEnabled: false, goog:chromeOptions: {debuggerAddress: localhost:62093}, handlesAlerts: true, hasTouchScreen: false, javascriptEnabled: true, locationContextEnabled: true, mobileEmulationEnabled: false, nativeEvents: true, networkConnectionEnabled: false, pageLoadStrategy: normal, platform: MAC, platformName: MAC, proxy: Proxy(), rotatable: false, setWindowRect: true, strictFileInteractability: false, takesHeapSnapshot: true, takesScreenshot: true, timeouts: {implicit: 0, pageLoad: 300000, script: 30000}, unexpectedAlertBehaviour: ignore, unhandledPromptBehavior: ignore, version: 71.0.3578.98, webStorageEnabled: true}
Session ID: a43109bbdef6b3961c11b5db35b13952
*** Element info: {Using=xpath, value=//em[contains (text(), 'Clothing, Shoes & Accessories > Men')]}
	at eBaytests.ListItemForSaleTest.listItemForSaleTest(ListItemForSaleTest.java:18)
]]></failure>
    <system-out><![CDATA[ListItemForSaleTest: list Item For Sale
]]></system-out>
    <system-err><![CDATA[Starting ChromeDriver 2.45.615355 (d5698f682d8b2742017df6c81e0bd8e6a3063189) on port 18776
Only local connections are allowed.
Jan 13, 2019 6:05:40 PM org.openqa.selenium.remote.ProtocolHandshake createSession
INFO: Detected dialect: OSS
]]></system-err>
  </testcase>
  <testcase name="searchFromDbTest" classname="datadriven.DataBaseTest" time="13.659"/>
</testsuite>