<?xml version="1.0" encoding="UTF-8"?>
<!-- Generated by org.testng.reporters.JUnitReportReporter -->
<testsuite skipped="0" hostname="Joshuas-MacBook-Air.local" name="eBaytests.ShopByCategoriesTest" tests="9" failures="0" timestamp="18 Jan 2019 04:06:28 GMT" time="175.130" errors="0">
  <testcase name="selectCollectiblesAndArtFromDropDownTest" time="18.376" classname="eBaytests.ShopByCategoriesTest"/>
  <testcase name="selectFashionFromDropDownTest" time="21.722" classname="eBaytests.ShopByCategoriesTest"/>
  <testcase name="selectToysAndHobbiesFromDropDownTest" time="18.229" classname="eBaytests.ShopByCategoriesTest"/>
  <testcase name="selectSportingGoodsFromDropDownTest" time="19.837" classname="eBaytests.ShopByCategoriesTest"/>
  <testcase name="selectElectronicsFromDropDownTest" time="21.198" classname="eBaytests.ShopByCategoriesTest"/>
  <testcase name="selectEntertainmentMemorabiliaFromDropDownTest" time="18.033" classname="eBaytests.ShopByCategoriesTest"/>
  <testcase name="selectMotorsFromDropDownTest" time="19.215" classname="eBaytests.ShopByCategoriesTest"/>
  <testcase name="selectOtherCategoriesFromDropDownTest" time="18.731" classname="eBaytests.ShopByCategoriesTest"/>
  <testcase name="selectHomeAndGardenFromDropDownTest" time="19.789" classname="eBaytests.ShopByCategoriesTest"/>
</testsuite> <!-- eBaytests.ShopByCategoriesTest -->
