<?xml version="1.0" encoding="UTF-8"?>
<!-- Generated by org.testng.reporters.JUnitReportReporter -->
<testsuite skipped="0" hostname="Joshuas-MacBook-Air.local" name="datadriven.DataBaseTest" tests="1" failures="0" timestamp="13 Jan 2019 23:06:52 GMT" time="16.824" errors="0">
  <testcase name="searchFromDbTest" time="16.824" classname="datadriven.DataBaseTest"/>
</testsuite> <!-- datadriven.DataBaseTest -->
