<?xml version="1.0" encoding="UTF-8"?>
<!-- Generated by org.testng.reporters.JUnitReportReporter -->
<testsuite skipped="0" hostname="Joshuas-MacBook-Air.local" name="eBaytests.HomePageFeaturesTests" tests="5" failures="0" timestamp="13 Jan 2019 23:06:42 GMT" time="26.411" errors="0">
  <testcase name="seeAllDailyDealsTest" time="4.982" classname="eBaytests.HomePageFeaturesTests"/>
  <testcase name="trendingDealsArrowButtonsTest" time="6.206" classname="eBaytests.HomePageFeaturesTests"/>
  <testcase name="seeAllEditorPicksTest" time="5.332" classname="eBaytests.HomePageFeaturesTests"/>
  <testcase name="seeAllTrendsFeatureTest" time="5.279" classname="eBaytests.HomePageFeaturesTests"/>
  <testcase name="seeAllFeaturedSalesAndEventsTest" time="4.612" classname="eBaytests.HomePageFeaturesTests"/>
</testsuite> <!-- eBaytests.HomePageFeaturesTests -->
