<?xml version="1.0" encoding="UTF-8"?>
<!-- Generated by org.testng.reporters.JUnitReportReporter -->
<testsuite skipped="0" hostname="Joshuas-MacBook-Air.local" name="ebayTests.HomeUtilitiesTests" tests="15" failures="0" timestamp="09 Jan 2019 04:44:51 GMT" time="82.816" errors="0">
  <testcase name="businessAndIndustrialUtilityTest" time="4.358" classname="ebayTests.HomeUtilitiesTests"/>
  <testcase name="motorsUtilTest" time="4.531" classname="ebayTests.HomeUtilitiesTests"/>
  <testcase name="electronicsUtilityTest" time="3.960" classname="ebayTests.HomeUtilitiesTests"/>
  <testcase name="savedUtilityTest" time="4.506" classname="ebayTests.HomeUtilitiesTests"/>
  <testcase name="musicUtilityTest" time="3.909" classname="ebayTests.HomeUtilitiesTests"/>
  <testcase name="homeAndGardenTest" time="9.396" classname="ebayTests.HomeUtilitiesTests"/>
  <testcase name="sportingGoodsTest" time="4.697" classname="ebayTests.HomeUtilitiesTests"/>
  <testcase name="under10utilityTest" time="4.378" classname="ebayTests.HomeUtilitiesTests"/>
  <testcase name="toysUtilityTest" time="9.643" classname="ebayTests.HomeUtilitiesTests"/>
  <testcase name="collectiblesAndArtTest" time="3.953" classname="ebayTests.HomeUtilitiesTests"/>
  <testcase name="homeButtonTest" time="4.486" classname="ebayTests.HomeUtilitiesTests"/>
  <testcase name="searchbuttonTest" time="4.438" classname="ebayTests.HomeUtilitiesTests"/>
  <testcase name="usingSearchBarTest" time="11.729" classname="ebayTests.HomeUtilitiesTests"/>
  <testcase name="dealsUtilityTest" time="5.131" classname="ebayTests.HomeUtilitiesTests"/>
  <testcase name="fashionUtilityTest" time="3.701" classname="ebayTests.HomeUtilitiesTests"/>
</testsuite> <!-- ebayTests.HomeUtilitiesTests -->
