<?xml version="1.0" encoding="UTF-8"?>
<!-- Generated by org.testng.reporters.JUnitReportReporter -->
<testsuite skipped="0" hostname="Joshuas-MacBook-Air.local" name="datadriven.DataBaseTest" tests="1" failures="0" timestamp="18 Jan 2019 04:05:28 GMT" time="28.672" errors="0">
  <testcase name="searchFromDbTest" time="28.672" classname="datadriven.DataBaseTest"/>
</testsuite> <!-- datadriven.DataBaseTest -->
