<?xml version="1.0" encoding="UTF-8"?>
<!-- Generated by org.testng.reporters.JUnitReportReporter -->
<testsuite skipped="0" hostname="Joshuas-MacBook-Air.local" name="eBaytests.ShopByCategoriesTest" tests="9" failures="0" timestamp="13 Jan 2019 23:06:17 GMT" time="43.979" errors="0">
  <testcase name="selectCollectiblesAndArtFromDropDownTest" time="4.429" classname="eBaytests.ShopByCategoriesTest"/>
  <testcase name="selectFashionFromDropDownTest" time="4.438" classname="eBaytests.ShopByCategoriesTest"/>
  <testcase name="selectEntertainmentMemorabiliaFromDropDownTest" time="4.682" classname="eBaytests.ShopByCategoriesTest"/>
  <testcase name="selectToysAndHobbiesFromDropDownTest" time="5.268" classname="eBaytests.ShopByCategoriesTest"/>
  <testcase name="selectMotorsFromDropDownTest" time="4.626" classname="eBaytests.ShopByCategoriesTest"/>
  <testcase name="selectElectronicsFromDropDownTest" time="4.530" classname="eBaytests.ShopByCategoriesTest"/>
  <testcase name="selectOtherCategoriesFromDropDownTest" time="5.453" classname="eBaytests.ShopByCategoriesTest"/>
  <testcase name="selectHomeAndGardenFromDropDownTest" time="5.574" classname="eBaytests.ShopByCategoriesTest"/>
  <testcase name="selectSportingGoodsFromDropDownTest" time="4.979" classname="eBaytests.ShopByCategoriesTest"/>
</testsuite> <!-- eBaytests.ShopByCategoriesTest -->
