<?xml version="1.0" encoding="UTF-8"?>
<!-- Generated by org.testng.reporters.JUnitReportReporter -->
<testsuite skipped="0" hostname="Joshuas-MacBook-Air.local" name="eBaytests.AllCategoriesDropDownTest" tests="9" failures="0" timestamp="18 Jan 2019 04:05:18 GMT" time="207.036" errors="0">
  <testcase name="everythingElseTest" time="21.183" classname="eBaytests.AllCategoriesDropDownTest"/>
  <testcase name="artTest" time="18.489" classname="eBaytests.AllCategoriesDropDownTest"/>
  <testcase name="babyTest" time="20.706" classname="eBaytests.AllCategoriesDropDownTest"/>
  <testcase name="booksTest" time="19.411" classname="eBaytests.AllCategoriesDropDownTest"/>
  <testcase name="camerasAndPhotoTest" time="20.753" classname="eBaytests.AllCategoriesDropDownTest"/>
  <testcase name="cellPhonesAndAccesoriesTest" time="19.147" classname="eBaytests.AllCategoriesDropDownTest"/>
  <testcase name="antiquesTest" time="18.731" classname="eBaytests.AllCategoriesDropDownTest"/>
  <testcase name="clothingShoesAndAccesoriesTest" time="19.014" classname="eBaytests.AllCategoriesDropDownTest"/>
  <testcase name="businessAndIndusrialTest" time="49.602" classname="eBaytests.AllCategoriesDropDownTest"/>
</testsuite> <!-- eBaytests.AllCategoriesDropDownTest -->
