<?xml version="1.0" encoding="UTF-8"?>
<!-- Generated by org.testng.reporters.JUnitReportReporter -->
<testsuite skipped="0" hostname="Joshuas-MacBook-Air.local" name="eBaytests.signInTest" tests="2" failures="0" timestamp="18 Jan 2019 04:06:08 GMT" time="40.547" errors="0">
  <testcase name="registerNewUserTest" time="17.996" classname="eBaytests.signInTest"/>
  <testcase name="signInTest" time="22.551" classname="eBaytests.signInTest"/>
</testsuite> <!-- eBaytests.signInTest -->
