<?xml version="1.0" encoding="UTF-8"?>
<!-- Generated by org.testng.reporters.JUnitReportReporter -->
<testsuite skipped="0" hostname="Joshuas-MacBook-Air.local" name="eBaytests.AllCategoriesDropDownTest2" tests="9" failures="0" timestamp="18 Jan 2019 04:06:23 GMT" time="171.261" errors="0">
  <testcase name="dollsAndBearsTest" time="18.974" classname="eBaytests.AllCategoriesDropDownTest2"/>
  <testcase name="coinsAndPaperMoneyTest" time="19.724" classname="eBaytests.AllCategoriesDropDownTest2"/>
  <testcase name="craftsTest" time="17.215" classname="eBaytests.AllCategoriesDropDownTest2"/>
  <testcase name="cellPhonesAndAccesoriesTest" time="20.660" classname="eBaytests.AllCategoriesDropDownTest2"/>
  <testcase name="videoGamesAndConsolesTest" time="19.665" classname="eBaytests.AllCategoriesDropDownTest2"/>
  <testcase name="collectiblesTest" time="19.631" classname="eBaytests.AllCategoriesDropDownTest2"/>
  <testcase name="consumerElectronicsTest" time="18.884" classname="eBaytests.AllCategoriesDropDownTest2"/>
  <testcase name="dvdsAndMoviesTest" time="17.725" classname="eBaytests.AllCategoriesDropDownTest2"/>
  <testcase name="computerTabletsAndNetworkingTest" time="18.783" classname="eBaytests.AllCategoriesDropDownTest2"/>
</testsuite> <!-- eBaytests.AllCategoriesDropDownTest2 -->
