<?xml version="1.0" encoding="UTF-8"?>
<!-- Generated by org.testng.reporters.JUnitReportReporter -->
<testsuite skipped="0" hostname="Joshuas-MacBook-Air.local" name="eBaytests.HomeUtilitiesTests" tests="6" failures="0" timestamp="13 Jan 2019 23:06:27 GMT" time="28.594" errors="0">
  <testcase name="motorsUtilTest" time="4.316" classname="eBaytests.HomeUtilitiesTests"/>
  <testcase name="fashionUtilityTest" time="5.015" classname="eBaytests.HomeUtilitiesTests"/>
  <testcase name="savedUtilityTest" time="7.049" classname="eBaytests.HomeUtilitiesTests"/>
  <testcase name="homeButtonTest" time="3.144" classname="eBaytests.HomeUtilitiesTests"/>
  <testcase name="electronicsUtilityTest" time="4.731" classname="eBaytests.HomeUtilitiesTests"/>
  <testcase name="collectiblesAndArtTest" time="4.339" classname="eBaytests.HomeUtilitiesTests"/>
</testsuite> <!-- eBaytests.HomeUtilitiesTests -->
