<?xml version="1.0" encoding="UTF-8"?>
<!-- Generated by org.testng.reporters.JUnitReportReporter -->
<testsuite skipped="0" hostname="Joshuas-MacBook-Air.local" name="eBaytests.AllCategoriesDropDownTest" tests="8" failures="0" timestamp="13 Jan 2019 23:06:47 GMT" time="45.848" errors="0">
  <testcase name="selectBooksFromDropDownTest" time="9.112" classname="eBaytests.AllCategoriesDropDownTest"/>
  <testcase name="selectBusinessAndIndusrialFromDropDrownTest" time="5.416" classname="eBaytests.AllCategoriesDropDownTest"/>
  <testcase name="selectClothingShoesAndAccesoriesTest" time="5.592" classname="eBaytests.AllCategoriesDropDownTest"/>
  <testcase name="selectArtFromDropDwonTest" time="5.311" classname="eBaytests.AllCategoriesDropDownTest"/>
  <testcase name="selectBabyFromDropDownTest" time="5.024" classname="eBaytests.AllCategoriesDropDownTest"/>
  <testcase name="selectAntiquesFromDropDownTest" time="6.048" classname="eBaytests.AllCategoriesDropDownTest"/>
  <testcase name="selectCamerasAndPhotoFromDropDownTest" time="4.479" classname="eBaytests.AllCategoriesDropDownTest"/>
  <testcase name="selectCellPhonesAndAccesoriesTest" time="4.866" classname="eBaytests.AllCategoriesDropDownTest"/>
</testsuite> <!-- eBaytests.AllCategoriesDropDownTest -->
