<?xml version="1.0" encoding="UTF-8"?>
<!-- Generated by org.testng.reporters.JUnitReportReporter -->
<testsuite skipped="0" hostname="Joshuas-MacBook-Air.local" name="eBaytests.HomePageUtilitiesTests2" tests="7" failures="0" timestamp="13 Jan 2019 23:06:22 GMT" time="32.671" errors="0">
  <testcase name="sportingGoodsTest" time="4.814" classname="eBaytests.HomePageUtilitiesTests2"/>
  <testcase name="dealsUtilityTest" time="5.172" classname="eBaytests.HomePageUtilitiesTests2"/>
  <testcase name="musicUtilityTest" time="4.143" classname="eBaytests.HomePageUtilitiesTests2"/>
  <testcase name="toysUtilityTest" time="4.647" classname="eBaytests.HomePageUtilitiesTests2"/>
  <testcase name="under10utilityTest" time="4.797" classname="eBaytests.HomePageUtilitiesTests2"/>
  <testcase name="homeAndGardenTest" time="4.591" classname="eBaytests.HomePageUtilitiesTests2"/>
  <testcase name="businessAndIndustrialUtilityTest" time="4.507" classname="eBaytests.HomePageUtilitiesTests2"/>
</testsuite> <!-- eBaytests.HomePageUtilitiesTests2 -->
