<?xml version="1.0" encoding="UTF-8"?>
<!-- Generated by org.testng.reporters.JUnitReportReporter -->
<testsuite skipped="0" hostname="Joshuas-MacBook-Air.local" name="eBaytests.SearchTests" tests="5" failures="0" timestamp="18 Jan 2019 04:05:23 GMT" time="97.714" errors="0">
  <testcase name="searchByUsingKeywordTest" time="16.269" classname="eBaytests.SearchTests"/>
  <testcase name="searchItemWithItemNumberTest" time="18.018" classname="eBaytests.SearchTests"/>
  <testcase name="searchbuttonTest" time="18.658" classname="eBaytests.SearchTests"/>
  <testcase name="saveTheSearchOfSpecificItemTest" time="25.347" classname="eBaytests.SearchTests"/>
  <testcase name="usingSearchBarTest" time="19.422" classname="eBaytests.SearchTests"/>
</testsuite> <!-- eBaytests.SearchTests -->
