<?xml version="1.0" encoding="UTF-8"?>
<!-- Generated by org.testng.reporters.JUnitReportReporter -->
<testsuite skipped="0" hostname="Joshuas-MacBook-Air.local" name="eBaytests.ListItemForSaleTest" tests="1" failures="0" timestamp="18 Jan 2019 04:06:18 GMT" time="15.447" errors="0">
  <testcase name="listItemForSaleTest" time="15.447" classname="eBaytests.ListItemForSaleTest"/>
</testsuite> <!-- eBaytests.ListItemForSaleTest -->
