<?xml version="1.0" encoding="UTF-8"?>
<!-- Generated by org.testng.reporters.JUnitReportReporter -->
<testsuite skipped="0" hostname="Joshuas-MacBook-Air.local" name="eBaytests.PurchseTest" tests="2" failures="0" timestamp="18 Jan 2019 04:05:48 GMT" time="64.985" errors="0">
  <testcase name="purchaseAnItemTest" time="36.408" classname="eBaytests.PurchseTest"/>
  <testcase name="addItemToCartTest" time="28.577" classname="eBaytests.PurchseTest"/>
</testsuite> <!-- eBaytests.PurchseTest -->
