<?xml version="1.0" encoding="UTF-8"?>
<!-- Generated by org.testng.reporters.JUnitReportReporter -->
<testsuite skipped="0" hostname="Joshuas-MacBook-Air.local" name="eBaytests.signInTest" tests="2" failures="0" timestamp="13 Jan 2019 23:06:57 GMT" time="12.905" errors="0">
  <testcase name="registerNewUserTest" time="5.162" classname="eBaytests.signInTest"/>
  <testcase name="signInTest" time="7.743" classname="eBaytests.signInTest"/>
</testsuite> <!-- eBaytests.signInTest -->
